[INFO  - 2018-11-27T05:41:14.246Z] GhostDriver - Main - running on port 50694
[INFO  - 2018-11-27T05:41:14.620Z] Session [0ddd9b40-f207-11e8-a6e7-2dcee2317a2e] - page.settings - {"XSSAuditingEnabled":false,"javascriptCanCloseWindows":true,"javascriptCanOpenWindows":true,"javascriptEnabled":true,"loadImages":true,"localToRemoteUrlAccessEnabled":false,"userAgent":"Mozilla/5.0 (Macintosh; Intel Mac OS X) AppleWebKit/538.1 (KHTML, like Gecko) PhantomJS/2.1.1 Safari/538.1","webSecurityEnabled":true}
[INFO  - 2018-11-27T05:41:14.620Z] Session [0ddd9b40-f207-11e8-a6e7-2dcee2317a2e] - page.customHeaders:  - {}
[INFO  - 2018-11-27T05:41:14.620Z] Session [0ddd9b40-f207-11e8-a6e7-2dcee2317a2e] - Session.negotiatedCapabilities - {"browserName":"phantomjs","version":"2.1.1","driverName":"ghostdriver","driverVersion":"1.2.0","platform":"mac-unknown-64bit","javascriptEnabled":true,"takesScreenshot":true,"handlesAlerts":false,"databaseEnabled":false,"locationContextEnabled":false,"applicationCacheEnabled":false,"browserConnectionEnabled":false,"cssSelectorsEnabled":true,"webStorageEnabled":false,"rotatable":false,"acceptSslCerts":false,"nativeEvents":true,"proxy":{"proxyType":"direct"}}
[INFO  - 2018-11-27T05:41:14.620Z] SessionManagerReqHand - _postNewSessionCommand - New Session Created: 0ddd9b40-f207-11e8-a6e7-2dcee2317a2e
[ERROR - 2018-11-27T05:41:14.838Z] Session [0ddd9b40-f207-11e8-a6e7-2dcee2317a2e] - page.onError - msg: ReferenceError: Can't find variable: Set

  phantomjs://platform/console++.js:263 in error
[ERROR - 2018-11-27T05:41:14.839Z] Session [0ddd9b40-f207-11e8-a6e7-2dcee2317a2e] - page.onError - stack:
  (anonymous function) (https://unpkg.com/react-dom@16.6.3/umd/react-dom.production.min.js:190)
  (anonymous function) (https://unpkg.com/react-dom@16.6.3/umd/react-dom.production.min.js:12)

  phantomjs://platform/console++.js:263 in error
[ERROR - 2018-11-27T05:41:14.841Z] Session [0ddd9b40-f207-11e8-a6e7-2dcee2317a2e] - page.onError - msg: ReferenceError: Can't find variable: ReactDOM

  phantomjs://platform/console++.js:263 in error
[ERROR - 2018-11-27T05:41:14.841Z] Session [0ddd9b40-f207-11e8-a6e7-2dcee2317a2e] - page.onError - stack:
  (anonymous function) (http://0.0.0.0:8080/bundle.js:286)
  __webpack_require__ (http://0.0.0.0:8080/bundle.js:20)
  (anonymous function) (http://0.0.0.0:8080/bundle.js:225)
  __webpack_require__ (http://0.0.0.0:8080/bundle.js:20)
  (anonymous function) (http://0.0.0.0:8080/bundle.js:63)

  phantomjs://platform/console++.js:263 in error
[ERROR - 2018-11-27T05:41:14.843Z] Session [0ddd9b40-f207-11e8-a6e7-2dcee2317a2e] - page.onError - msg: ReferenceError: Can't find variable: sc_project

  phantomjs://platform/console++.js:263 in error
[ERROR - 2018-11-27T05:41:14.843Z] Session [0ddd9b40-f207-11e8-a6e7-2dcee2317a2e] - page.onError - stack:
  global code (https://statcounter.com/counter/counter_xhtml.js:1)

  phantomjs://platform/console++.js:263 in error
